# JRE version: Java(TM) SE Runtime Environment (8.0_11-b12) (build 1.8.0_11-b12)
# Java VM: Java HotSpot(TM) Client VM (25.11-b03 mixed mode windows-x86 )
Heap:
 def new generation   total 12416K, used 9933K [0x05000000, 0x05d70000, 0x0a550000)
  eden space 11072K,  82% used [0x05000000, 0x058e3870, 0x05ad0000)
  from space 1344K,  61% used [0x05c20000, 0x05cefdd0, 0x05d70000)
  to   space 1344K,   0% used [0x05ad0000, 0x05ad0000, 0x05c20000)
 tenured generation   total 27416K, used 17620K [0x0a550000, 0x0c016000, 0x15000000)
   the space 27416K,  64% used [0x0a550000, 0x0b6852b0, 0x0b685400, 0x0c016000)
 Metaspace       used 21840K, capacity 23392K, committed 23424K, reserved 23936K
GC Heap History (10 events):
Event: 143.321 GC heap before
{Heap before GC invocations=117 (full 8):
 def new generation   total 10368K, used 10085K [0x05000000, 0x05b30000, 0x0a550000)
  eden space 9280K, 100% used [0x05000000, 0x05910000, 0x05910000)
  from space 1088K,  74% used [0x05910000, 0x059d9548, 0x05a20000)
  to   space 1088K,   0% used [0x05a20000, 0x05a20000, 0x05b30000)
 tenured generation   total 22792K, used 16474K [0x0a550000, 0x0bb92000, 0x15000000)
   the space 22792K,  72% used [0x0a550000, 0x0b5668a8, 0x0b566a00, 0x0bb92000)
 Metaspace       used 21602K, capacity 23135K, committed 23168K, reserved 23936K
Event: 143.327 GC heap after
Heap after GC invocations=118 (full 8):
 def new generation   total 10368K, used 899K [0x05000000, 0x05b30000, 0x0a550000)
  eden space 9280K,   0% used [0x05000000, 0x05000000, 0x05910000)
  from space 1088K,  82% used [0x05a20000, 0x05b00c08, 0x05b30000)
  to   space 1088K,   0% used [0x05910000, 0x05910000, 0x05a20000)
 tenured generation   total 22792K, used 16728K [0x0a550000, 0x0bb92000, 0x15000000)
   the space 22792K,  73% used [0x0a550000, 0x0b5a61d0, 0x0b5a6200, 0x0bb92000)
 Metaspace       used 21602K, capacity 23135K, committed 23168K, reserved 23936K
}
Event: 176.624 GC heap before
{Heap before GC invocations=118 (full 8):
 def new generation   total 10368K, used 5891K [0x05000000, 0x05b30000, 0x0a550000)
  eden space 9280K,  53% used [0x05000000, 0x054e0390, 0x05910000)
  from space 1088K,  82% used [0x05a20000, 0x05b00c08, 0x05b30000)
  to   space 1088K,   0% used [0x05910000, 0x05910000, 0x05a20000)
 tenured generation   total 22792K, used 16728K [0x0a550000, 0x0bb92000, 0x15000000)
   the space 22792K,  73% used [0x0a550000, 0x0b5a61d0, 0x0b5a6200, 0x0bb92000)
 Metaspace       used 21742K, capacity 23275K, committed 23296K, reserved 23936K
Event: 176.699 GC heap after
Heap after GC invocations=119 (full 9):
 def new generation   total 12416K, used 0K [0x05000000, 0x05d70000, 0x0a550000)
  eden space 11072K,   0% used [0x05000000, 0x05000000, 0x05ad0000)
  from space 1344K,   0% used [0x05ad0000, 0x05ad0000, 0x05c20000)
  to   space 1344K,   0% used [0x05c20000, 0x05c20000, 0x05d70000)
 tenured generation   total 27416K, used 16449K [0x0a550000, 0x0c016000, 0x15000000)
   the space 27416K,  59% used [0x0a550000, 0x0b560608, 0x0b560800, 0x0c016000)
 Metaspace       used 21742K, capacity 23275K, committed 23296K, reserved 23936K
}
Event: 176.970 GC heap before
{Heap before GC invocations=119 (full 9):
 def new generation   total 12416K, used 11072K [0x05000000, 0x05d70000, 0x0a550000)
  eden space 11072K, 100% used [0x05000000, 0x05ad0000, 0x05ad0000)
  from space 1344K,   0% used [0x05ad0000, 0x05ad0000, 0x05c20000)
  to   space 1344K,   0% used [0x05c20000, 0x05c20000, 0x05d70000)
 tenured generation   total 27416K, used 16449K [0x0a550000, 0x0c016000, 0x15000000)
   the space 27416K,  59% used [0x0a550000, 0x0b560608, 0x0b560800, 0x0c016000)
 Metaspace       used 21745K, capacity 23282K, committed 23296K, reserved 23936K
Event: 176.976 GC heap after
Heap after GC invocations=120 (full 9):
 def new generation   total 12416K, used 1344K [0x05000000, 0x05d70000, 0x0a550000)
  eden space 11072K,   0% used [0x05000000, 0x05000000, 0x05ad0000)
  from space 1344K, 100% used [0x05c20000, 0x05d70000, 0x05d70000)
  to   space 1344K,   0% used [0x05ad0000, 0x05ad0000, 0x05c20000)
 tenured generation   total 27416K, used 16504K [0x0a550000, 0x0c016000, 0x15000000)
   the space 27416K,  60% used [0x0a550000, 0x0b56e028, 0x0b56e200, 0x0c016000)
 Metaspace       used 21745K, capacity 23282K, committed 23296K, reserved 23936K
}
Event: 177.153 GC heap before
{Heap before GC invocations=120 (full 9):
 def new generation   total 12416K, used 12416K [0x05000000, 0x05d70000, 0x0a550000)
  eden space 11072K, 100% used [0x05000000, 0x05ad0000, 0x05ad0000)
  from space 1344K, 100% used [0x05c20000, 0x05d70000, 0x05d70000)
  to   space 1344K,   0% used [0x05ad0000, 0x05ad0000, 0x05c20000)
 tenured generation   total 27416K, used 16504K [0x0a550000, 0x0c016000, 0x15000000)
   the space 27416K,  60% used [0x0a550000, 0x0b56e028, 0x0b56e200, 0x0c016000)
 Metaspace       used 21757K, capacity 23320K, committed 23424K, reserved 23936K
Event: 177.158 GC heap after
Heap after GC invocations=121 (full 9):
 def new generation   total 12416K, used 911K [0x05000000, 0x05d70000, 0x0a550000)
  eden space 11072K,   0% used [0x05000000, 0x05000000, 0x05ad0000)
  from space 1344K,  67% used [0x05ad0000, 0x05bb3ed0, 0x05c20000)
  to   space 1344K,   0% used [0x05c20000, 0x05c20000, 0x05d70000)
 tenured generation   total 27416K, used 17121K [0x0a550000, 0x0c016000, 0x15000000)
   the space 27416K,  62% used [0x0a550000, 0x0b608758, 0x0b608800, 0x0c016000)
 Metaspace       used 21757K, capacity 23320K, committed 23424K, reserved 23936K
}
Event: 177.370 GC heap before
{Heap before GC invocations=121 (full 9):
 def new generation   total 12416K, used 11983K [0x05000000, 0x05d70000, 0x0a550000)
  eden space 11072K, 100% used [0x05000000, 0x05ad0000, 0x05ad0000)
  from space 1344K,  67% used [0x05ad0000, 0x05bb3ed0, 0x05c20000)
  to   space 1344K,   0% used [0x05c20000, 0x05c20000, 0x05d70000)
 tenured generation   total 27416K, used 17121K [0x0a550000, 0x0c016000, 0x15000000)
   the space 27416K,  62% used [0x0a550000, 0x0b608758, 0x0b608800, 0x0c016000)
 Metaspace       used 21772K, capacity 23325K, committed 23424K, reserved 23936K
Event: 177.377 GC heap after
Heap after GC invocations=122 (full 9):
 def new generation   total 12416K, used 831K [0x05000000, 0x05d70000, 0x0a550000)
  eden space 11072K,   0% used [0x05000000, 0x05000000, 0x05ad0000)
  from space 1344K,  61% used [0x05c20000, 0x05cefdd0, 0x05d70000)
  to   space 1344K,   0% used [0x05ad0000, 0x05ad0000, 0x05c20000)
 tenured generation   total 27416K, used 17620K [0x0a550000, 0x0c016000, 0x15000000)
   the space 27416K,  64% used [0x0a550000, 0x0b6852b0, 0x0b685400, 0x0c016000)
 Metaspace       used 21772K, capacity 23325K, committed 23424K, reserved 23936K
}

