# JRE version: Java(TM) SE Runtime Environment (8.0_11-b12) (build 1.8.0_11-b12)
# Java VM: Java HotSpot(TM) Client VM (25.11-b03 mixed mode windows-x86 )
Heap:
 def new generation   total 11520K, used 7223K [0x05000000, 0x05c70000, 0x0a550000)
  eden space 10304K,  59% used [0x05000000, 0x055fe490, 0x05a10000)
  from space 1216K,  89% used [0x05a10000, 0x05b1fb10, 0x05b40000)
  to   space 1216K,   0% used [0x05b40000, 0x05b40000, 0x05c70000)
 tenured generation   total 25336K, used 18147K [0x0a550000, 0x0be0e000, 0x15000000)
   the space 25336K,  71% used [0x0a550000, 0x0b708d30, 0x0b708e00, 0x0be0e000)
 Metaspace       used 23988K, capacity 25553K, committed 25600K, reserved 25984K
GC Heap History (10 events):
Event: 578.145 GC heap before
{Heap before GC invocations=119 (full 6):
 def new generation   total 11008K, used 6092K [0x05000000, 0x05bf0000, 0x0a550000)
  eden space 9792K,  49% used [0x05000000, 0x054c3318, 0x05990000)
  from space 1216K, 100% used [0x05ac0000, 0x05bf0000, 0x05bf0000)
  to   space 1216K,   0% used [0x05990000, 0x05990000, 0x05ac0000)
 tenured generation   total 24404K, used 17280K [0x0a550000, 0x0bd25000, 0x15000000)
   the space 24404K,  70% used [0x0a550000, 0x0b6301e0, 0x0b630200, 0x0bd25000)
 Metaspace       used 23857K, capacity 25399K, committed 25472K, reserved 25984K
Event: 578.222 GC heap after
Heap after GC invocations=120 (full 7):
 def new generation   total 11520K, used 0K [0x05000000, 0x05c70000, 0x0a550000)
  eden space 10304K,   0% used [0x05000000, 0x05000000, 0x05a10000)
  from space 1216K,   0% used [0x05a10000, 0x05a10000, 0x05b40000)
  to   space 1216K,   0% used [0x05b40000, 0x05b40000, 0x05c70000)
 tenured generation   total 25336K, used 15200K [0x0a550000, 0x0be0e000, 0x15000000)
   the space 25336K,  59% used [0x0a550000, 0x0b4281e0, 0x0b428200, 0x0be0e000)
 Metaspace       used 23800K, capacity 25322K, committed 25472K, reserved 25984K
}
Event: 578.709 GC heap before
{Heap before GC invocations=120 (full 7):
 def new generation   total 11520K, used 10304K [0x05000000, 0x05c70000, 0x0a550000)
  eden space 10304K, 100% used [0x05000000, 0x05a10000, 0x05a10000)
  from space 1216K,   0% used [0x05a10000, 0x05a10000, 0x05b40000)
  to   space 1216K,   0% used [0x05b40000, 0x05b40000, 0x05c70000)
 tenured generation   total 25336K, used 15200K [0x0a550000, 0x0be0e000, 0x15000000)
   the space 25336K,  59% used [0x0a550000, 0x0b4281e0, 0x0b428200, 0x0be0e000)
 Metaspace       used 23805K, capacity 25331K, committed 25472K, reserved 25984K
Event: 578.718 GC heap after
Heap after GC invocations=121 (full 7):
 def new generation   total 11520K, used 1216K [0x05000000, 0x05c70000, 0x0a550000)
  eden space 10304K,   0% used [0x05000000, 0x05000000, 0x05a10000)
  from space 1216K, 100% used [0x05b40000, 0x05c70000, 0x05c70000)
  to   space 1216K,   0% used [0x05a10000, 0x05a10000, 0x05b40000)
 tenured generation   total 25336K, used 15431K [0x0a550000, 0x0be0e000, 0x15000000)
   the space 25336K,  60% used [0x0a550000, 0x0b461df0, 0x0b461e00, 0x0be0e000)
 Metaspace       used 23805K, capacity 25331K, committed 25472K, reserved 25984K
}
Event: 578.966 GC heap before
{Heap before GC invocations=121 (full 7):
 def new generation   total 11520K, used 11520K [0x05000000, 0x05c70000, 0x0a550000)
  eden space 10304K, 100% used [0x05000000, 0x05a10000, 0x05a10000)
  from space 1216K, 100% used [0x05b40000, 0x05c70000, 0x05c70000)
  to   space 1216K,   0% used [0x05a10000, 0x05a10000, 0x05b40000)
 tenured generation   total 25336K, used 15431K [0x0a550000, 0x0be0e000, 0x15000000)
   the space 25336K,  60% used [0x0a550000, 0x0b461df0, 0x0b461e00, 0x0be0e000)
 Metaspace       used 23830K, capacity 25389K, committed 25472K, reserved 25984K
Event: 578.974 GC heap after
Heap after GC invocations=122 (full 7):
 def new generation   total 11520K, used 810K [0x05000000, 0x05c70000, 0x0a550000)
  eden space 10304K,   0% used [0x05000000, 0x05000000, 0x05a10000)
  from space 1216K,  66% used [0x05a10000, 0x05ada9d8, 0x05b40000)
  to   space 1216K,   0% used [0x05b40000, 0x05b40000, 0x05c70000)
 tenured generation   total 25336K, used 16633K [0x0a550000, 0x0be0e000, 0x15000000)
   the space 25336K,  65% used [0x0a550000, 0x0b58e770, 0x0b58e800, 0x0be0e000)
 Metaspace       used 23830K, capacity 25389K, committed 25472K, reserved 25984K
}
Event: 579.197 GC heap before
{Heap before GC invocations=122 (full 7):
 def new generation   total 11520K, used 11106K [0x05000000, 0x05c70000, 0x0a550000)
  eden space 10304K,  99% used [0x05000000, 0x05a0e078, 0x05a10000)
  from space 1216K,  66% used [0x05a10000, 0x05ada9d8, 0x05b40000)
  to   space 1216K,   0% used [0x05b40000, 0x05b40000, 0x05c70000)
 tenured generation   total 25336K, used 16633K [0x0a550000, 0x0be0e000, 0x15000000)
   the space 25336K,  65% used [0x0a550000, 0x0b58e770, 0x0b58e800, 0x0be0e000)
 Metaspace       used 23869K, capacity 25434K, committed 25472K, reserved 25984K
Event: 579.205 GC heap after
Heap after GC invocations=123 (full 7):
 def new generation   total 11520K, used 1215K [0x05000000, 0x05c70000, 0x0a550000)
  eden space 10304K,   0% used [0x05000000, 0x05000000, 0x05a10000)
  from space 1216K,  99% used [0x05b40000, 0x05c6fff8, 0x05c70000)
  to   space 1216K,   0% used [0x05a10000, 0x05a10000, 0x05b40000)
 tenured generation   total 25336K, used 17058K [0x0a550000, 0x0be0e000, 0x15000000)
   the space 25336K,  67% used [0x0a550000, 0x0b5f8a88, 0x0b5f8c00, 0x0be0e000)
 Metaspace       used 23869K, capacity 25434K, committed 25472K, reserved 25984K
}
Event: 579.471 GC heap before
{Heap before GC invocations=123 (full 7):
 def new generation   total 11520K, used 11519K [0x05000000, 0x05c70000, 0x0a550000)
  eden space 10304K, 100% used [0x05000000, 0x05a10000, 0x05a10000)
  from space 1216K,  99% used [0x05b40000, 0x05c6fff8, 0x05c70000)
  to   space 1216K,   0% used [0x05a10000, 0x05a10000, 0x05b40000)
 tenured generation   total 25336K, used 17058K [0x0a550000, 0x0be0e000, 0x15000000)
   the space 25336K,  67% used [0x0a550000, 0x0b5f8a88, 0x0b5f8c00, 0x0be0e000)
 Metaspace       used 23952K, capacity 25518K, committed 25600K, reserved 25984K
Event: 579.482 GC heap after
Heap after GC invocations=124 (full 7):
 def new generation   total 11520K, used 1086K [0x05000000, 0x05c70000, 0x0a550000)
  eden space 10304K,   0% used [0x05000000, 0x05000000, 0x05a10000)
  from space 1216K,  89% used [0x05a10000, 0x05b1fb10, 0x05b40000)
  to   space 1216K,   0% used [0x05b40000, 0x05b40000, 0x05c70000)
 tenured generation   total 25336K, used 18147K [0x0a550000, 0x0be0e000, 0x15000000)
   the space 25336K,  71% used [0x0a550000, 0x0b708d30, 0x0b708e00, 0x0be0e000)
 Metaspace       used 23952K, capacity 25518K, committed 25600K, reserved 25984K
}

