# JRE version: Java(TM) SE Runtime Environment (8.0_11-b12) (build 1.8.0_11-b12)
# Java VM: Java HotSpot(TM) Client VM (25.11-b03 mixed mode windows-x86 )
Heap:
 def new generation   total 16512K, used 5350K [0x04600000, 0x057e0000, 0x09b50000)
  eden space 14720K,  29% used [0x04600000, 0x04a34e28, 0x05460000)
  from space 1792K,  58% used [0x05620000, 0x05724d08, 0x057e0000)
  to   space 1792K,   0% used [0x05460000, 0x05460000, 0x05620000)
 tenured generation   total 36504K, used 23452K [0x09b50000, 0x0bef6000, 0x14600000)
   the space 36504K,  64% used [0x09b50000, 0x0b2373d0, 0x0b237400, 0x0bef6000)
 Metaspace       used 24640K, capacity 26514K, committed 26624K, reserved 27008K
GC Heap History (10 events):
Event: 639.327 GC heap before
{Heap before GC invocations=136 (full 12):
 def new generation   total 14976K, used 14552K [0x04600000, 0x05630000, 0x09b50000)
  eden space 13376K, 100% used [0x04600000, 0x05310000, 0x05310000)
  from space 1600K,  73% used [0x054a0000, 0x055c6248, 0x05630000)
  to   space 1600K,   0% used [0x05310000, 0x05310000, 0x054a0000)
 tenured generation   total 33080K, used 20419K [0x09b50000, 0x0bb9e000, 0x14600000)
   the space 33080K,  61% used [0x09b50000, 0x0af40cf8, 0x0af40e00, 0x0bb9e000)
 Metaspace       used 24397K, capacity 26018K, committed 26112K, reserved 27008K
Event: 639.336 GC heap after
Heap after GC invocations=137 (full 12):
 def new generation   total 14976K, used 897K [0x04600000, 0x05630000, 0x09b50000)
  eden space 13376K,   0% used [0x04600000, 0x04600000, 0x05310000)
  from space 1600K,  56% used [0x05310000, 0x053f05f8, 0x054a0000)
  to   space 1600K,   0% used [0x054a0000, 0x054a0000, 0x05630000)
 tenured generation   total 33080K, used 21241K [0x09b50000, 0x0bb9e000, 0x14600000)
   the space 33080K,  64% used [0x09b50000, 0x0b00e790, 0x0b00e800, 0x0bb9e000)
 Metaspace       used 24397K, capacity 26018K, committed 26112K, reserved 27008K
}
Event: 689.807 GC heap before
{Heap before GC invocations=137 (full 12):
 def new generation   total 14976K, used 11417K [0x04600000, 0x05630000, 0x09b50000)
  eden space 13376K,  78% used [0x04600000, 0x05046008, 0x05310000)
  from space 1600K,  56% used [0x05310000, 0x053f05f8, 0x054a0000)
  to   space 1600K,   0% used [0x054a0000, 0x054a0000, 0x05630000)
 tenured generation   total 33080K, used 21241K [0x09b50000, 0x0bb9e000, 0x14600000)
   the space 33080K,  64% used [0x09b50000, 0x0b00e790, 0x0b00e800, 0x0bb9e000)
 Metaspace       used 24486K, capacity 26318K, committed 26368K, reserved 27008K
Event: 689.928 GC heap after
Heap after GC invocations=138 (full 13):
 def new generation   total 16512K, used 0K [0x04600000, 0x057e0000, 0x09b50000)
  eden space 14720K,   0% used [0x04600000, 0x04600000, 0x05460000)
  from space 1792K,   0% used [0x05460000, 0x05460000, 0x05620000)
  to   space 1792K,   0% used [0x05620000, 0x05620000, 0x057e0000)
 tenured generation   total 36504K, used 21901K [0x09b50000, 0x0bef6000, 0x14600000)
   the space 36504K,  59% used [0x09b50000, 0x0b0b36a0, 0x0b0b3800, 0x0bef6000)
 Metaspace       used 24486K, capacity 26318K, committed 26368K, reserved 27008K
}
Event: 690.397 GC heap before
{Heap before GC invocations=138 (full 13):
 def new generation   total 16512K, used 14720K [0x04600000, 0x057e0000, 0x09b50000)
  eden space 14720K, 100% used [0x04600000, 0x05460000, 0x05460000)
  from space 1792K,   0% used [0x05460000, 0x05460000, 0x05620000)
  to   space 1792K,   0% used [0x05620000, 0x05620000, 0x057e0000)
 tenured generation   total 36504K, used 21901K [0x09b50000, 0x0bef6000, 0x14600000)
   the space 36504K,  59% used [0x09b50000, 0x0b0b36a0, 0x0b0b3800, 0x0bef6000)
 Metaspace       used 24507K, capacity 26370K, committed 26496K, reserved 27008K
Event: 690.403 GC heap after
Heap after GC invocations=139 (full 13):
 def new generation   total 16512K, used 1702K [0x04600000, 0x057e0000, 0x09b50000)
  eden space 14720K,   0% used [0x04600000, 0x04600000, 0x05460000)
  from space 1792K,  94% used [0x05620000, 0x057c98f8, 0x057e0000)
  to   space 1792K,   0% used [0x05460000, 0x05460000, 0x05620000)
 tenured generation   total 36504K, used 21901K [0x09b50000, 0x0bef6000, 0x14600000)
   the space 36504K,  59% used [0x09b50000, 0x0b0b36a0, 0x0b0b3800, 0x0bef6000)
 Metaspace       used 24507K, capacity 26370K, committed 26496K, reserved 27008K
}
Event: 690.706 GC heap before
{Heap before GC invocations=139 (full 13):
 def new generation   total 16512K, used 16422K [0x04600000, 0x057e0000, 0x09b50000)
  eden space 14720K, 100% used [0x04600000, 0x05460000, 0x05460000)
  from space 1792K,  94% used [0x05620000, 0x057c98f8, 0x057e0000)
  to   space 1792K,   0% used [0x05460000, 0x05460000, 0x05620000)
 tenured generation   total 36504K, used 21901K [0x09b50000, 0x0bef6000, 0x14600000)
   the space 36504K,  59% used [0x09b50000, 0x0b0b36a0, 0x0b0b3800, 0x0bef6000)
 Metaspace       used 24525K, capacity 26378K, committed 26496K, reserved 27008K
Event: 690.715 GC heap after
Heap after GC invocations=140 (full 13):
 def new generation   total 16512K, used 1234K [0x04600000, 0x057e0000, 0x09b50000)
  eden space 14720K,   0% used [0x04600000, 0x04600000, 0x05460000)
  from space 1792K,  68% used [0x05460000, 0x05594bd8, 0x05620000)
  to   space 1792K,   0% used [0x05620000, 0x05620000, 0x057e0000)
 tenured generation   total 36504K, used 22642K [0x09b50000, 0x0bef6000, 0x14600000)
   the space 36504K,  62% used [0x09b50000, 0x0b16c928, 0x0b16ca00, 0x0bef6000)
 Metaspace       used 24525K, capacity 26378K, committed 26496K, reserved 27008K
}
Event: 698.512 GC heap before
{Heap before GC invocations=140 (full 13):
 def new generation   total 16512K, used 15954K [0x04600000, 0x057e0000, 0x09b50000)
  eden space 14720K, 100% used [0x04600000, 0x05460000, 0x05460000)
  from space 1792K,  68% used [0x05460000, 0x05594bd8, 0x05620000)
  to   space 1792K,   0% used [0x05620000, 0x05620000, 0x057e0000)
 tenured generation   total 36504K, used 22642K [0x09b50000, 0x0bef6000, 0x14600000)
   the space 36504K,  62% used [0x09b50000, 0x0b16c928, 0x0b16ca00, 0x0bef6000)
 Metaspace       used 24633K, capacity 26511K, committed 26624K, reserved 27008K
Event: 698.523 GC heap after
Heap after GC invocations=141 (full 13):
 def new generation   total 16512K, used 1043K [0x04600000, 0x057e0000, 0x09b50000)
  eden space 14720K,   0% used [0x04600000, 0x04600000, 0x05460000)
  from space 1792K,  58% used [0x05620000, 0x05724d08, 0x057e0000)
  to   space 1792K,   0% used [0x05460000, 0x05460000, 0x05620000)
 tenured generation   total 36504K, used 23452K [0x09b50000, 0x0bef6000, 0x14600000)
   the space 36504K,  64% used [0x09b50000, 0x0b2373d0, 0x0b237400, 0x0bef6000)
 Metaspace       used 24633K, capacity 26511K, committed 26624K, reserved 27008K
}

