# JRE version: Java(TM) SE Runtime Environment (8.0_11-b12) (build 1.8.0_11-b12)
# Java VM: Java HotSpot(TM) Client VM (25.11-b03 mixed mode windows-x86 )
Heap:
 def new generation   total 7424K, used 4620K [0x04600000, 0x04e00000, 0x09b50000)
  eden space 6656K,  68% used [0x04600000, 0x04a761a8, 0x04c80000)
  from space 768K,   6% used [0x04d40000, 0x04d4cf90, 0x04e00000)
  to   space 768K,   0% used [0x04c80000, 0x04c80000, 0x04d40000)
 tenured generation   total 16240K, used 10528K [0x09b50000, 0x0ab2c000, 0x14600000)
   the space 16240K,  64% used [0x09b50000, 0x0a598070, 0x0a598200, 0x0ab2c000)
 Metaspace       used 19619K, capacity 20906K, committed 20992K, reserved 21888K
GC Heap History (10 events):
Event: 8.053 GC heap before
{Heap before GC invocations=76 (full 2):
 def new generation   total 7424K, used 7205K [0x04600000, 0x04e00000, 0x09b50000)
  eden space 6656K, 100% used [0x04600000, 0x04c80000, 0x04c80000)
  from space 768K,  71% used [0x04c80000, 0x04d09520, 0x04d40000)
  to   space 768K,   0% used [0x04d40000, 0x04d40000, 0x04e00000)
 tenured generation   total 16240K, used 9955K [0x09b50000, 0x0ab2c000, 0x14600000)
   the space 16240K,  61% used [0x09b50000, 0x0a508cd8, 0x0a508e00, 0x0ab2c000)
 Metaspace       used 19559K, capacity 20827K, committed 20864K, reserved 20864K
Event: 8.057 GC heap after
Heap after GC invocations=77 (full 2):
 def new generation   total 7424K, used 606K [0x04600000, 0x04e00000, 0x09b50000)
  eden space 6656K,   0% used [0x04600000, 0x04600000, 0x04c80000)
  from space 768K,  78% used [0x04d40000, 0x04dd7a28, 0x04e00000)
  to   space 768K,   0% used [0x04c80000, 0x04c80000, 0x04d40000)
 tenured generation   total 16240K, used 10171K [0x09b50000, 0x0ab2c000, 0x14600000)
   the space 16240K,  62% used [0x09b50000, 0x0a53ed18, 0x0a53ee00, 0x0ab2c000)
 Metaspace       used 19559K, capacity 20827K, committed 20864K, reserved 20864K
}
Event: 108.639 GC heap before
{Heap before GC invocations=77 (full 2):
 def new generation   total 7424K, used 7262K [0x04600000, 0x04e00000, 0x09b50000)
  eden space 6656K, 100% used [0x04600000, 0x04c80000, 0x04c80000)
  from space 768K,  78% used [0x04d40000, 0x04dd7a28, 0x04e00000)
  to   space 768K,   0% used [0x04c80000, 0x04c80000, 0x04d40000)
 tenured generation   total 16240K, used 10171K [0x09b50000, 0x0ab2c000, 0x14600000)
   the space 16240K,  62% used [0x09b50000, 0x0a53ed18, 0x0a53ee00, 0x0ab2c000)
 Metaspace       used 19613K, capacity 20906K, committed 20992K, reserved 21888K
Event: 108.642 GC heap after
Heap after GC invocations=78 (full 2):
 def new generation   total 7424K, used 103K [0x04600000, 0x04e00000, 0x09b50000)
  eden space 6656K,   0% used [0x04600000, 0x04600000, 0x04c80000)
  from space 768K,  13% used [0x04c80000, 0x04c99f30, 0x04d40000)
  to   space 768K,   0% used [0x04d40000, 0x04d40000, 0x04e00000)
 tenured generation   total 16240K, used 10528K [0x09b50000, 0x0ab2c000, 0x14600000)
   the space 16240K,  64% used [0x09b50000, 0x0a598070, 0x0a598200, 0x0ab2c000)
 Metaspace       used 19613K, capacity 20906K, committed 20992K, reserved 21888K
}
Event: 228.096 GC heap before
{Heap before GC invocations=78 (full 2):
 def new generation   total 7424K, used 6759K [0x04600000, 0x04e00000, 0x09b50000)
  eden space 6656K, 100% used [0x04600000, 0x04c80000, 0x04c80000)
  from space 768K,  13% used [0x04c80000, 0x04c99f30, 0x04d40000)
  to   space 768K,   0% used [0x04d40000, 0x04d40000, 0x04e00000)
 tenured generation   total 16240K, used 10528K [0x09b50000, 0x0ab2c000, 0x14600000)
   the space 16240K,  64% used [0x09b50000, 0x0a598070, 0x0a598200, 0x0ab2c000)
 Metaspace       used 19613K, capacity 20906K, committed 20992K, reserved 21888K
Event: 228.098 GC heap after
Heap after GC invocations=79 (full 2):
 def new generation   total 7424K, used 49K [0x04600000, 0x04e00000, 0x09b50000)
  eden space 6656K,   0% used [0x04600000, 0x04600000, 0x04c80000)
  from space 768K,   6% used [0x04d40000, 0x04d4c6b0, 0x04e00000)
  to   space 768K,   0% used [0x04c80000, 0x04c80000, 0x04d40000)
 tenured generation   total 16240K, used 10528K [0x09b50000, 0x0ab2c000, 0x14600000)
   the space 16240K,  64% used [0x09b50000, 0x0a598070, 0x0a598200, 0x0ab2c000)
 Metaspace       used 19613K, capacity 20906K, committed 20992K, reserved 21888K
}
Event: 347.986 GC heap before
{Heap before GC invocations=79 (full 2):
 def new generation   total 7424K, used 6705K [0x04600000, 0x04e00000, 0x09b50000)
  eden space 6656K, 100% used [0x04600000, 0x04c80000, 0x04c80000)
  from space 768K,   6% used [0x04d40000, 0x04d4c6b0, 0x04e00000)
  to   space 768K,   0% used [0x04c80000, 0x04c80000, 0x04d40000)
 tenured generation   total 16240K, used 10528K [0x09b50000, 0x0ab2c000, 0x14600000)
   the space 16240K,  64% used [0x09b50000, 0x0a598070, 0x0a598200, 0x0ab2c000)
 Metaspace       used 19613K, capacity 20906K, committed 20992K, reserved 21888K
Event: 347.988 GC heap after
Heap after GC invocations=80 (full 2):
 def new generation   total 7424K, used 52K [0x04600000, 0x04e00000, 0x09b50000)
  eden space 6656K,   0% used [0x04600000, 0x04600000, 0x04c80000)
  from space 768K,   6% used [0x04c80000, 0x04c8d070, 0x04d40000)
  to   space 768K,   0% used [0x04d40000, 0x04d40000, 0x04e00000)
 tenured generation   total 16240K, used 10528K [0x09b50000, 0x0ab2c000, 0x14600000)
   the space 16240K,  64% used [0x09b50000, 0x0a598070, 0x0a598200, 0x0ab2c000)
 Metaspace       used 19613K, capacity 20906K, committed 20992K, reserved 21888K
}
Event: 468.548 GC heap before
{Heap before GC invocations=80 (full 2):
 def new generation   total 7424K, used 6708K [0x04600000, 0x04e00000, 0x09b50000)
  eden space 6656K, 100% used [0x04600000, 0x04c80000, 0x04c80000)
  from space 768K,   6% used [0x04c80000, 0x04c8d070, 0x04d40000)
  to   space 768K,   0% used [0x04d40000, 0x04d40000, 0x04e00000)
 tenured generation   total 16240K, used 10528K [0x09b50000, 0x0ab2c000, 0x14600000)
   the space 16240K,  64% used [0x09b50000, 0x0a598070, 0x0a598200, 0x0ab2c000)
 Metaspace       used 19613K, capacity 20906K, committed 20992K, reserved 21888K
Event: 468.550 GC heap after
Heap after GC invocations=81 (full 2):
 def new generation   total 7424K, used 51K [0x04600000, 0x04e00000, 0x09b50000)
  eden space 6656K,   0% used [0x04600000, 0x04600000, 0x04c80000)
  from space 768K,   6% used [0x04d40000, 0x04d4cf90, 0x04e00000)
  to   space 768K,   0% used [0x04c80000, 0x04c80000, 0x04d40000)
 tenured generation   total 16240K, used 10528K [0x09b50000, 0x0ab2c000, 0x14600000)
   the space 16240K,  64% used [0x09b50000, 0x0a598070, 0x0a598200, 0x0ab2c000)
 Metaspace       used 19613K, capacity 20906K, committed 20992K, reserved 21888K
}

